[debug] [2026-01-07T09:11:10.861Z] ----------------------------------------------------------------------
[debug] [2026-01-07T09:11:10.864Z] Command:       C:\Program Files\nodejs\node.exe C:\Users\PC 2\AppData\Roaming\npm\node_modules\firebase-tools\lib\bin\firebase.js init functions
[debug] [2026-01-07T09:11:10.864Z] CLI Version:   15.1.0
[debug] [2026-01-07T09:11:10.865Z] Platform:      win32
[debug] [2026-01-07T09:11:10.865Z] Node Version:  v24.12.0
[debug] [2026-01-07T09:11:10.865Z] Time:          Wed Jan 07 2026 14:41:10 GMT+0530 (India Standard Time)
[debug] [2026-01-07T09:11:10.865Z] ----------------------------------------------------------------------
[debug] 
[debug] [2026-01-07T09:11:10.868Z] >>> [apiv2][query] GET https://firebase-public.firebaseio.com/cli.json [none]
[info] 
     ######## #### ########  ######## ########     ###     ######  ########
     ##        ##  ##     ## ##       ##     ##  ##   ##  ##       ##
     ######    ##  ########  ######   ########  #########  ######  ######
     ##        ##  ##    ##  ##       ##     ## ##     ##       ## ##
     ##       #### ##     ## ######## ########  ##     ##  ######  ########

You're about to initialize a Firebase project in this directory:

  E:\moksha_ride\moksharide_user

[debug] [2026-01-07T09:11:13.603Z] <<< [apiv2][status] GET https://firebase-public.firebaseio.com/cli.json 200
[debug] [2026-01-07T09:11:13.604Z] <<< [apiv2][body] GET https://firebase-public.firebaseio.com/cli.json {"cloudBuildErrorAfter":1594252800000,"cloudBuildWarnAfter":1590019200000,"defaultNode10After":1594252800000,"minVersion":"3.0.5","node8DeploysDisabledAfter":1613390400000,"node8RuntimeDisabledAfter":1615809600000,"node8WarnAfter":1600128000000}
[info] 
=== Project Setup
[info] 
[info] First, let's associate this project directory with a Firebase project.
[info] You can create multiple project aliases by running firebase use --add, 
[info] 
[debug] [2026-01-07T09:12:05.955Z] > command requires scopes: ["email","openid","https://www.googleapis.com/auth/cloudplatformprojects.readonly","https://www.googleapis.com/auth/firebase","https://www.googleapis.com/auth/cloud-platform"]
[debug] [2026-01-07T09:12:05.955Z] > authorizing via signed-in user (praviteja02529@gmail.com)
[debug] [2026-01-07T09:12:05.956Z] Checked if tokens are valid: false, expires at: 1767593503860
[debug] [2026-01-07T09:12:05.956Z] Checked if tokens are valid: false, expires at: 1767593503860
[debug] [2026-01-07T09:12:05.956Z] > refreshing access token with scopes: []
[debug] [2026-01-07T09:12:05.969Z] >>> [apiv2][query] POST https://www.googleapis.com/oauth2/v3/token [none]
[debug] [2026-01-07T09:12:05.969Z] >>> [apiv2][body] POST https://www.googleapis.com/oauth2/v3/token [omitted]
[debug] [2026-01-07T09:12:06.144Z] <<< [apiv2][status] POST https://www.googleapis.com/oauth2/v3/token 200
[debug] [2026-01-07T09:12:06.144Z] <<< [apiv2][body] POST https://www.googleapis.com/oauth2/v3/token [omitted]
[debug] [2026-01-07T09:12:06.154Z] >>> [apiv2][query] GET https://firebase.googleapis.com/v1beta1/projects pageSize=100
[debug] [2026-01-07T09:12:07.018Z] <<< [apiv2][status] GET https://firebase.googleapis.com/v1beta1/projects 200
[debug] [2026-01-07T09:12:07.018Z] <<< [apiv2][body] GET https://firebase.googleapis.com/v1beta1/projects [omitted]
[debug] [2026-01-07T09:12:29.165Z] ExitPromptError: User force closed the prompt with SIGINT
    at Interface.sigint (C:\Users\PC 2\AppData\Roaming\npm\node_modules\firebase-tools\node_modules\@inquirer\core\dist\commonjs\lib\create-prompt.js:101:37)
    at Interface.emit (node:events:508:28)
    at [_ttyWrite] [as _ttyWrite] (node:internal/readline/interface:1327:18)
    at ReadStream.onkeypress (node:internal/readline/interface:284:20)
    at ReadStream.emit (node:events:520:35)
    at emitKeys (node:internal/readline/utils:371:14)
    at emitKeys.next (<anonymous>)
    at ReadStream.onData (node:internal/readline/emitKeypressEvents:64:36)
    at ReadStream.emit (node:events:508:28)
    at addChunk (node:internal/streams/readable:559:12)
[error] 
[error] Error: An unexpected error has occurred.
